<?xml version="1.0" encoding="UTF-8"?>
<testng-results skipped="0" failed="0" total="2" passed="2">
  <reporter-output>
  </reporter-output>
  <suite name="Default suite" duration-ms="47498" started-at="2018-04-05T09:05:06Z" finished-at="2018-04-05T09:05:54Z">
    <groups>
    </groups>
    <test name="Default test" duration-ms="47498" started-at="2018-04-05T09:05:06Z" finished-at="2018-04-05T09:05:54Z">
      <class name="com.myntraonline.qa.testcases.LoginPageTest">
        <test-method status="PASS" signature="setup()[pri:0, instance:com.myntraonline.qa.testcases.LoginPageTest@af7cc2]" name="setup" is-config="true" duration-ms="22089" started-at="2018-04-05T14:35:06Z" finished-at="2018-04-05T14:35:28Z">
          <reporter-output>
          </reporter-output>
        </test-method> <!-- setup -->
        <test-method status="PASS" signature="loginPageTitleTest()[pri:0, instance:com.myntraonline.qa.testcases.LoginPageTest@af7cc2]" name="loginPageTitleTest" duration-ms="47" started-at="2018-04-05T14:35:28Z" finished-at="2018-04-05T14:35:28Z">
          <reporter-output>
          </reporter-output>
        </test-method> <!-- loginPageTitleTest -->
        <test-method status="PASS" signature="teardown()[pri:0, instance:com.myntraonline.qa.testcases.LoginPageTest@af7cc2]" name="teardown" is-config="true" duration-ms="1032" started-at="2018-04-05T14:35:28Z" finished-at="2018-04-05T14:35:30Z">
          <reporter-output>
          </reporter-output>
        </test-method> <!-- teardown -->
        <test-method status="PASS" signature="setup()[pri:0, instance:com.myntraonline.qa.testcases.LoginPageTest@af7cc2]" name="setup" is-config="true" duration-ms="13436" started-at="2018-04-05T14:35:30Z" finished-at="2018-04-05T14:35:43Z">
          <reporter-output>
          </reporter-output>
        </test-method> <!-- setup -->
        <test-method status="PASS" signature="loginPageLoginTest()[pri:0, instance:com.myntraonline.qa.testcases.LoginPageTest@af7cc2]" name="loginPageLoginTest" duration-ms="9911" started-at="2018-04-05T14:35:43Z" finished-at="2018-04-05T14:35:53Z">
          <reporter-output>
          </reporter-output>
        </test-method> <!-- loginPageLoginTest -->
        <test-method status="PASS" signature="teardown()[pri:0, instance:com.myntraonline.qa.testcases.LoginPageTest@af7cc2]" name="teardown" is-config="true" duration-ms="919" started-at="2018-04-05T14:35:53Z" finished-at="2018-04-05T14:35:54Z">
          <reporter-output>
          </reporter-output>
        </test-method> <!-- teardown -->
      </class> <!-- com.myntraonline.qa.testcases.LoginPageTest -->
    </test> <!-- Default test -->
  </suite> <!-- Default suite -->
</testng-results>
